<?xml version="1.0" encoding="UTF-8"?>
<testsuite name="org.hyperskill.calculator.Stage3UnitTest" tests="12" skipped="0" failures="0" errors="0" timestamp="2023-10-20T19:23:32" hostname="DESKTOP-S3OS6DJ" time="2.513">
  <properties/>
  <testcase name="test00_checkCalculatorWaitsForTheNextValue" classname="org.hyperskill.calculator.Stage3UnitTest" time="0.228"/>
  <testcase name="test01_checkCalculatorAdds" classname="org.hyperskill.calculator.Stage3UnitTest" time="0.286"/>
  <testcase name="test02_checkCalculatorSubtracts" classname="org.hyperskill.calculator.Stage3UnitTest" time="0.251"/>
  <testcase name="test03_checkCalculatorMultiplies" classname="org.hyperskill.calculator.Stage3UnitTest" time="0.224"/>
  <testcase name="test04_checkCalculatorDivides" classname="org.hyperskill.calculator.Stage3UnitTest" time="0.212"/>
  <testcase name="test05_checkCalculatorSupportsNegativeNumbersOnFirstTerm" classname="org.hyperskill.calculator.Stage3UnitTest" time="0.202"/>
  <testcase name="test06_checkCalculatorSupportsNegativeNumbersOnSecondTerm" classname="org.hyperskill.calculator.Stage3UnitTest" time="0.192"/>
  <testcase name="test07_checkCalculatorCanDoMultipleActions" classname="org.hyperskill.calculator.Stage3UnitTest" time="0.209"/>
  <testcase name="test08_checkNoNegativeZeroesToTheLeft" classname="org.hyperskill.calculator.Stage3UnitTest" time="0.198"/>
  <testcase name="test09_checkNoNegativeDotsWithoutZero" classname="org.hyperskill.calculator.Stage3UnitTest" time="0.165"/>
  <testcase name="test10_checkMinusOperationAfterZeroAsResult" classname="org.hyperskill.calculator.Stage3UnitTest" time="0.163"/>
  <testcase name="test11_checkMinusOperationWithNegativeSecondTermAfterZeroAsResult" classname="org.hyperskill.calculator.Stage3UnitTest" time="0.175"/>
  <system-out><![CDATA[]]></system-out>
  <system-err><![CDATA[]]></system-err>
</testsuite>
