<?xml version="1.0" encoding="UTF-8"?>
<testsuite name="org.hyperskill.calculator.Stage2UnitTest" tests="7" skipped="0" failures="0" errors="0" timestamp="2023-10-20T19:23:24" hostname="DESKTOP-S3OS6DJ" time="7.864">
  <properties/>
  <testcase name="test00_checkButtonsWork" classname="org.hyperskill.calculator.Stage2UnitTest" time="6.113"/>
  <testcase name="test01_checkClearButtonWorks" classname="org.hyperskill.calculator.Stage2UnitTest" time="0.389"/>
  <testcase name="test02_checkZeroButtonLock" classname="org.hyperskill.calculator.Stage2UnitTest" time="0.327"/>
  <testcase name="test03_checkDotButtonLock" classname="org.hyperskill.calculator.Stage2UnitTest" time="0.331"/>
  <testcase name="test04_checkDotButtonLockAfterNumber" classname="org.hyperskill.calculator.Stage2UnitTest" time="0.253"/>
  <testcase name="test05_checkNoZeroesToTheLeft" classname="org.hyperskill.calculator.Stage2UnitTest" time="0.243"/>
  <testcase name="test06_checkNoDotsWithoutInteger" classname="org.hyperskill.calculator.Stage2UnitTest" time="0.207"/>
  <system-out><![CDATA[Called loadFromPath(/system/framework/framework-res.apk, true); mode=binary sdk=29
resources.arsc in APK 'C:\Users\user\.m2\repository\org\robolectric\android-all-instrumented\10-robolectric-5803371-i3\android-all-instrumented-10-robolectric-5803371-i3.jar' is compressed.
]]></system-out>
  <system-err><![CDATA[]]></system-err>
</testsuite>
